[02:07:13] [main/INFO]: Loaded 0 recipes
[02:07:16] [Server thread/INFO]: Starting minecraft server version 1.13.2
[02:07:16] [Server thread/INFO]: Loading properties
[02:07:17] [Server thread/INFO]: Default game type: SURVIVAL
[02:07:17] [Server thread/INFO]: Generating keypair
[02:07:17] [Server thread/INFO]: Starting Minecraft server on 192.168.1.75:25566
[02:07:17] [Server thread/INFO]: Using default channel type
[02:07:19] [Server thread/INFO]: This server is running CraftBukkit version git-Bukkit-a5b9c7b (MC: 1.13.2) (Implementing API version 1.13.2-R0.1-SNAPSHOT)
[02:07:20] [Server thread/INFO]: Preparing level "hehexd"
[02:07:20] [Server thread/INFO]: Reloading ResourceManager: Default, bukkit
[02:07:22] [Server thread/INFO]: Loaded 524 recipes
[02:07:24] [Server thread/INFO]: Preparing start region for level minecraft:the_nether (Seed: 3221312)
[02:07:25] [Server thread/INFO]: Preparing spawn area: 4%
[02:07:25] [Server thread/INFO]: Preparing spawn area: 8%
[02:07:25] [Server thread/INFO]: Preparing spawn area: 12%
[02:07:25] [Server thread/INFO]: Preparing spawn area: 16%
[02:07:25] [Server thread/INFO]: Preparing spawn area: 20%
[02:07:25] [Server thread/INFO]: Preparing spawn area: 24%
[02:07:25] [Server thread/INFO]: Preparing spawn area: 28%
[02:07:26] [Server thread/INFO]: Preparing spawn area: 32%
[02:07:26] [Server thread/INFO]: Preparing spawn area: 36%
[02:07:26] [Server thread/INFO]: Preparing spawn area: 40%
[02:07:26] [Server thread/INFO]: Preparing spawn area: 44%
[02:07:26] [Server thread/INFO]: Preparing spawn area: 48%
[02:07:26] [Server thread/INFO]: Preparing spawn area: 52%
[02:07:26] [Server thread/INFO]: Preparing spawn area: 56%
[02:07:26] [Server thread/INFO]: Preparing spawn area: 60%
[02:07:26] [Server thread/INFO]: Preparing spawn area: 64%
[02:07:26] [Server thread/INFO]: Preparing spawn area: 68%
[02:07:26] [Server thread/INFO]: Preparing spawn area: 72%
[02:07:26] [Server thread/INFO]: Preparing spawn area: 76%
[02:07:26] [Server thread/INFO]: Preparing spawn area: 80%
[02:07:26] [Server thread/INFO]: Preparing spawn area: 84%
[02:07:26] [Server thread/INFO]: Preparing spawn area: 88%
[02:07:26] [Server thread/INFO]: Preparing spawn area: 92%
[02:07:26] [Server thread/INFO]: Preparing spawn area: 96%
[02:07:26] [Server thread/INFO]: Preparing spawn area: 100%
[02:07:26] [Server thread/INFO]: Preparing start region for level minecraft:the_end (Seed: 3221312)
[02:07:27] [Server thread/INFO]: Preparing spawn area: 4%
[02:07:27] [Server thread/INFO]: Preparing spawn area: 8%
[02:07:27] [Server thread/INFO]: Preparing spawn area: 12%
[02:07:27] [Server thread/INFO]: Preparing spawn area: 16%
[02:07:27] [Server thread/INFO]: Preparing spawn area: 20%
[02:07:27] [Server thread/INFO]: Preparing spawn area: 24%
[02:07:27] [Server thread/INFO]: Preparing spawn area: 28%
[02:07:27] [Server thread/INFO]: Preparing spawn area: 32%
[02:07:27] [Server thread/INFO]: Preparing spawn area: 36%
[02:07:27] [Server thread/INFO]: Preparing spawn area: 40%
[02:07:27] [Server thread/INFO]: Preparing spawn area: 44%
[02:07:27] [Server thread/INFO]: Preparing spawn area: 48%
[02:07:27] [Server thread/INFO]: Preparing spawn area: 52%
[02:07:27] [Server thread/INFO]: Preparing spawn area: 56%
[02:07:27] [Server thread/INFO]: Preparing spawn area: 60%
[02:07:27] [Server thread/INFO]: Preparing spawn area: 64%
[02:07:27] [Server thread/INFO]: Preparing spawn area: 68%
[02:07:27] [Server thread/INFO]: Preparing spawn area: 72%
[02:07:27] [Server thread/INFO]: Preparing spawn area: 76%
[02:07:27] [Server thread/INFO]: Preparing spawn area: 80%
[02:07:27] [Server thread/INFO]: Preparing spawn area: 84%
[02:07:27] [Server thread/INFO]: Preparing spawn area: 88%
[02:07:27] [Server thread/INFO]: Preparing spawn area: 92%
[02:07:27] [Server thread/INFO]: Preparing spawn area: 96%
[02:07:27] [Server thread/INFO]: Preparing spawn area: 100%
[02:07:27] [Server thread/INFO]: Preparing start region for level minecraft:overworld (Seed: 3221312)
[02:07:28] [Server thread/INFO]: Preparing spawn area: 4%
[02:07:32] [Server thread/INFO]: Preparing spawn area: 8%
[02:07:33] [Server thread/INFO]: Preparing spawn area: 12%
[02:07:33] [Server thread/INFO]: Preparing spawn area: 16%
[02:07:33] [Server thread/INFO]: Preparing spawn area: 20%
[02:07:33] [Server thread/INFO]: Preparing spawn area: 24%
[02:07:33] [Server thread/INFO]: Preparing spawn area: 28%
[02:07:33] [Server thread/INFO]: Preparing spawn area: 32%
[02:07:34] [Server thread/INFO]: Preparing spawn area: 36%
[02:07:34] [Server thread/INFO]: Preparing spawn area: 40%
[02:07:34] [Server thread/INFO]: Preparing spawn area: 44%
[02:07:34] [Server thread/INFO]: Preparing spawn area: 48%
[02:07:34] [Server thread/INFO]: Preparing spawn area: 52%
[02:07:34] [Server thread/INFO]: Preparing spawn area: 56%
[02:07:34] [Server thread/INFO]: Preparing spawn area: 60%
[02:07:34] [Server thread/INFO]: Preparing spawn area: 64%
[02:07:34] [Server thread/INFO]: Preparing spawn area: 68%
[02:07:34] [Server thread/INFO]: Preparing spawn area: 72%
[02:07:34] [Server thread/INFO]: Preparing spawn area: 76%
[02:07:34] [Server thread/INFO]: Preparing spawn area: 80%
[02:07:34] [Server thread/INFO]: Preparing spawn area: 84%
[02:07:34] [Server thread/INFO]: Preparing spawn area: 88%
[02:07:34] [Server thread/INFO]: Preparing spawn area: 92%
[02:07:34] [Server thread/INFO]: Preparing spawn area: 96%
[02:07:34] [Server thread/INFO]: Preparing spawn area: 100%
[02:07:34] [Server thread/INFO]: Time elapsed: 10207 ms
[02:07:34] [Server thread/INFO]: Server permissions file permissions.yml is empty, ignoring it
[02:07:35] [Server thread/INFO]: Done (14.263s)! For help, type "help"
[02:07:37] [Server thread/WARN]: Can't keep up! Is the server overloaded? Running 2221ms or 44 ticks behind
[02:08:55] [Server thread/INFO]: Made Vb140 a server operator
[02:09:06] [Server thread/INFO]: Made japser36 a server operator
[02:09:06] [Server thread/WARN]: Can't keep up! Is the server overloaded? Running 2025ms or 40 ticks behind
[02:10:15] [User Authenticator #1/INFO]: UUID of player Vb140 is 6a769955-8534-4fae-95cf-0afb053d9d2a
[02:10:16] [Server thread/INFO]: Vb140[/205.250.236.128:62758] logged in with entity id 413 at ([hehexd]165.15168698571404, 68.0, 256.6573258272573)
[02:10:17] [User Authenticator #2/INFO]: UUID of player VoyTheBoy is 95dca98f-b79a-4d28-b8aa-fb9982ab0f98
[02:10:17] [Server thread/INFO]: VoyTheBoy[/207.102.188.198:60199] logged in with entity id 491 at ([hehexd]205.99114966103048, 57.5, 274.1585736960286)
[02:10:23] [Server thread/INFO]: VoyTheBoy lost connection: Disconnected
[02:10:23] [Server thread/INFO]: VoyTheBoy left the game
[02:10:49] [Server thread/INFO]: Vb140 issued server command: /say yeet
[02:10:49] [Server thread/INFO]: [Vb140] yeet
[02:11:02] [User Authenticator #3/INFO]: UUID of player VoyTheBoy is 95dca98f-b79a-4d28-b8aa-fb9982ab0f98
[02:11:02] [Server thread/INFO]: VoyTheBoy[/207.102.188.198:60210] logged in with entity id 1008 at ([hehexd]205.8641840868931, 57.0, 273.54597354501976)
[02:11:11] [Netty Server IO #0/INFO]: <VoyTheBoy> hola[m
[02:11:16] [Server thread/INFO]: [Server] hola amigos\
[02:11:21] [Netty Server IO #0/INFO]: <VoyTheBoy> ooof[m
[02:11:33] [Server thread/INFO]: [Server] fun fun, mkay imma log on too
[02:12:19] [Server thread/INFO]: Vb140 lost connection: Disconnected
[02:12:19] [Server thread/INFO]: Vb140 left the game
[02:13:20] [User Authenticator #4/INFO]: UUID of player japser36 is db8ea97e-db7b-4c48-9d0b-15fd908f39bc
[02:13:20] [Server thread/INFO]: japser36[/192.168.1.136:65498] logged in with entity id 2785 at ([hehexd]184.21654742676645, 70.0, 228.08562962152604)
[02:13:28] [Netty Server IO #4/INFO]: <japser36> hello hello[m
[02:14:28] [User Authenticator #5/INFO]: UUID of player Vb140 is 6a769955-8534-4fae-95cf-0afb053d9d2a
[02:14:29] [Server thread/INFO]: Vb140[/205.250.236.128:63803] logged in with entity id 4097 at ([hehexd]204.30000001192093, 60.0, 276.40910722354454)
[02:14:42] [Netty Server IO #4/INFO]: <japser36> hello hello[m
[02:15:26] [Netty Server IO #4/INFO]: <japser36> you guys have built some cool stuff :)[m
[02:16:40] [Netty Server IO #5/INFO]: <Vb140> :D[m
[02:17:37] [Netty Server IO #5/INFO]: <Vb140> i think there some stuff missing[m
[02:17:42] [Netty Server IO #4/INFO]: <japser36> hmm[m
[02:17:42] [Netty Server IO #5/INFO]: <Vb140> is this latest master?[m
[02:17:46] [Netty Server IO #4/INFO]: <japser36> yeah it should be[m
[02:18:05] [Netty Server IO #4/INFO]: <japser36> I pulled origin/master, then merged master into bukkit[m
[02:18:11] [Server thread/INFO]: japser36 has made the advancement [Monster Hunter]
[02:18:29] [Netty Server IO #5/INFO]: <Vb140> oh weird[m
[02:18:31] [Netty Server IO #4/INFO]: <japser36> lemme check which files changed[m
[02:18:43] [Netty Server IO #4/INFO]: <japser36> the latest version of the bukkit branch is on github so you can see changes too[m
[02:20:52] [Netty Server IO #5/INFO]: <Vb140> hmm yeah seems up to date[m
[02:20:56] [Server thread/INFO]: Vb140 lost connection: Disconnected
[02:20:56] [Server thread/INFO]: Vb140 left the game
[02:21:35] [Server thread/INFO]: japser36 has made the advancement [A Seedy Place]
[02:26:04] [Netty Server IO #4/INFO]: <japser36> save-all[m
[02:26:14] [Netty Server IO #4/INFO]: <japser36> OK about to shut down the serveroni[m
[02:26:17] [Server thread/INFO]: japser36 issued server command: /stop
[02:26:17] [Server thread/INFO]: [japser36: Stopping the server]
[02:26:17] [Server thread/INFO]: Stopping server
[02:26:17] [Server thread/INFO]: Saving players
[02:26:18] [Server thread/INFO]: VoyTheBoy lost connection: Server closed
[02:26:18] [Server thread/INFO]: VoyTheBoy left the game
[02:26:18] [Server thread/INFO]: japser36 lost connection: Server closed
[02:26:18] [Server thread/INFO]: japser36 left the game
[02:26:18] [Server thread/INFO]: Saving worlds
[02:26:18] [Server thread/INFO]: Saving chunks for level 'hehexd_nether'/minecraft:the_nether
[02:26:18] [Server thread/INFO]: Saving chunks for level 'hehexd_the_end'/minecraft:the_end
[02:26:18] [Server thread/INFO]: Saving chunks for level 'hehexd'/minecraft:overworld
